#
# There is insufficient memory for the Java Runtime Environment to continue.
# Native memory allocation (malloc) failed to allocate 1048576 bytes for AllocateHeap
# Possible reasons:
#   The system is out of physical RAM or swap space
#   In 32 bit mode, the process size limit was hit
# Possible solutions:
#   Reduce memory load on the system
#   Increase physical memory or swap space
#   Check if swap backing store is full
#   Use 64 bit Java on a 64 bit OS
#   Decrease Java heap size (-Xmx/-Xms)
#   Decrease number of Java threads
#   Decrease Java thread stack sizes (-Xss)
#   Set larger code cache with -XX:ReservedCodeCacheSize=
# This output file may be truncated or incomplete.
#
#  Out of Memory Error (memory/allocation.inline.hpp:61), pid=14728, tid=14844
#
# JRE version:  (8.0_51-b16) (build )
# Java VM: Java HotSpot(TM) 64-Bit Server VM (25.51-b03 mixed mode windows-amd64 compressed oops)
# Failed to write core dump. Minidumps are not enabled by default on client versions of Windows
#

---------------  T H R E A D  ---------------

Current thread (0x0000000002171000):  JavaThread "Unknown thread" [_thread_in_vm, id=14844, stack(0x0000000000920000,0x0000000000a20000)]

Stack: [0x0000000000920000,0x0000000000a20000]
Native frames: (J=compiled Java code, j=interpreted, Vv=VM code, C=native code)
V  [jvm.dll+0x32b4ca]
V  [jvm.dll+0x2797e3]
V  [jvm.dll+0x27a479]
V  [jvm.dll+0x271765]
V  [jvm.dll+0x1606]
V  [jvm.dll+0x3c0822]
V  [jvm.dll+0x3eead2]
V  [jvm.dll+0x3eefdc]
V  [jvm.dll+0x3ea537]
V  [jvm.dll+0xf2c22]
V  [jvm.dll+0x20f0a9]
V  [jvm.dll+0x240d2a]
V  [jvm.dll+0x15b9a1]
C  [jli.dll+0x4616]
C  [jli.dll+0xc807]
C  [jli.dll+0xc89b]
C  [KERNEL32.DLL+0x18102]
C  [ntdll.dll+0x5c2e4]


---------------  P R O C E S S  ---------------

Java Threads: ( => current thread )

Other Threads:

=>0x0000000002171000 (exited) JavaThread "Unknown thread" [_thread_in_vm, id=14844, stack(0x0000000000920000,0x0000000000a20000)]

VM state:not at safepoint (normal execution)

VM Mutex/Monitor currently owned by a thread: None

Heap:
 PSYoungGen      total 2048K, used 30K [0x00000000eb180000, 0x00000000eb400000, 0x0000000100000000)
  eden space 1536K, 2% used [0x00000000eb180000,0x00000000eb187af0,0x00000000eb300000)
  from space 512K, 0% used [0x00000000eb380000,0x00000000eb380000,0x00000000eb400000)
  to   space 512K, 0% used [0x00000000eb300000,0x00000000eb300000,0x00000000eb380000)
 ParOldGen       total 5632K, used 0K [0x00000000c1400000, 0x00000000c1980000, 0x00000000eb180000)
  object space 5632K, 0% used [0x00000000c1400000,0x00000000c1400000,0x00000000c1980000)
 Metaspace       used 766K, capacity 4480K, committed 4480K, reserved 1056768K
  class space    used 75K, capacity 384K, committed 384K, reserved 1048576K

Card table byte_map: [0x0000000011720000,0x0000000011920000] byte_map_base: 0x0000000011116000

Marking Bits: (ParMarkBitMap*) 0x000000006e0e4040
 Begin Bits: [0x0000000011e70000, 0x0000000012e20000)
 End Bits:   [0x0000000012e20000, 0x0000000013dd0000)

Polling page: 0x00000000001f0000

CodeCache: size=245760Kb used=327Kb max_used=327Kb free=245432Kb
 bounds [0x0000000002360000, 0x00000000025d0000, 0x0000000011360000]
 total_blobs=56 nmethods=0 adapters=37
 compilation: enabled

Compilation events (0 events):
No events

GC Heap History (0 events):
No events

Deoptimization events (0 events):
No events

Internal exceptions (0 events):
No events

Events (10 events):
Event: 0.273 loading class java/lang/Short
Event: 0.274 loading class java/lang/Short done
Event: 0.274 loading class java/lang/Integer
Event: 0.275 loading class java/lang/Integer done
Event: 0.275 loading class java/lang/Long
Event: 0.276 loading class java/lang/Long done
Event: 0.278 loading class java/lang/NullPointerException
Event: 0.278 loading class java/lang/NullPointerException done
Event: 0.278 loading class java/lang/ArithmeticException
Event: 0.279 loading class java/lang/ArithmeticException done


Dynamic libraries:
0x00007ff69d870000 - 0x00007ff69d877000 	C:\Program Files\Java\jdk1.8.0_51\bin\javac.exe
0x00007ff8de560000 - 0x00007ff8de721000 	C:\WINDOWS\SYSTEM32\ntdll.dll
0x00007ff8dc160000 - 0x00007ff8dc20d000 	C:\WINDOWS\system32\KERNEL32.DLL
0x00007ff8db3b0000 - 0x00007ff8db598000 	C:\WINDOWS\system32\KERNELBASE.dll
0x00007ff8d92b0000 - 0x00007ff8d9329000 	C:\WINDOWS\system32\apphelp.dll
0x000000006e330000 - 0x000000006e35f000 	C:\Program Files\Java\jdk1.8.0_51\bin\jli.dll
0x000000006e250000 - 0x000000006e322000 	C:\Program Files\Java\jdk1.8.0_51\bin\MSVCR100.dll
0x00007ff8dc210000 - 0x00007ff8dc2b7000 	C:\WINDOWS\system32\ADVAPI32.dll
0x00007ff8dbfb0000 - 0x00007ff8dc04d000 	C:\WINDOWS\system32\msvcrt.dll
0x00007ff8dbc00000 - 0x00007ff8dbc5b000 	C:\WINDOWS\system32\sechost.dll
0x00007ff8dba30000 - 0x00007ff8dbb4c000 	C:\WINDOWS\system32\RPCRT4.dll
0x00007ff8de0f0000 - 0x00007ff8de246000 	C:\WINDOWS\system32\USER32.dll
0x00007ff8de300000 - 0x00007ff8de486000 	C:\WINDOWS\system32\GDI32.dll
0x00007ff8c7780000 - 0x00007ff8c79f4000 	C:\WINDOWS\WinSxS\amd64_microsoft.windows.common-controls_6595b64144ccf1df_6.0.10586.0_none_8c15ae12515e1c22\COMCTL32.dll
0x00007ff8dbd30000 - 0x00007ff8dbfad000 	C:\WINDOWS\system32\combase.dll
0x00007ff8db5a0000 - 0x00007ff8db60a000 	C:\WINDOWS\system32\bcryptPrimitives.dll
0x00007ff8dbb50000 - 0x00007ff8dbb8b000 	C:\WINDOWS\system32\IMM32.DLL
0x000000006e170000 - 0x000000006e242000 	C:\Program Files\Java\jdk1.8.0_51\jre\bin\msvcr100.dll
0x000000006d8e0000 - 0x000000006e163000 	C:\Program Files\Java\jdk1.8.0_51\jre\bin\server\jvm.dll
0x00007ff8de0e0000 - 0x00007ff8de0e8000 	C:\WINDOWS\system32\PSAPI.DLL
0x00007ff8cf0a0000 - 0x00007ff8cf0a9000 	C:\WINDOWS\SYSTEM32\WSOCK32.dll
0x00007ff8cef90000 - 0x00007ff8cef9a000 	C:\WINDOWS\SYSTEM32\VERSION.dll
0x00007ff8d12d0000 - 0x00007ff8d12f3000 	C:\WINDOWS\SYSTEM32\WINMM.dll
0x00007ff8d12a0000 - 0x00007ff8d12cc000 	C:\WINDOWS\SYSTEM32\WINMMBASE.dll
0x00007ff8dbb90000 - 0x00007ff8dbbfb000 	C:\WINDOWS\system32\WS2_32.dll
0x00007ff8db630000 - 0x00007ff8db673000 	C:\WINDOWS\system32\cfgmgr32.dll
0x000000006d8d0000 - 0x000000006d8df000 	C:\Program Files\Java\jdk1.8.0_51\jre\bin\verify.dll
0x000000006d8a0000 - 0x000000006d8c9000 	C:\Program Files\Java\jdk1.8.0_51\jre\bin\java.dll
0x000000006d880000 - 0x000000006d896000 	C:\Program Files\Java\jdk1.8.0_51\jre\bin\zip.dll
0x00007ff8d1080000 - 0x00007ff8d120c000 	C:\WINDOWS\SYSTEM32\dbghelp.dll

VM Arguments:
jvm_args: -Dapplication.home=C:\Program Files\Java\jdk1.8.0_51 -Xms8m 
java_command: com.sun.tools.javac.Main -cp .;antlr-4.5.1-complete.jar; Goo*.java
java_class_path (initial): C:\Program Files\Java\jdk1.8.0_51/lib/tools.jar;C:\Program Files\Java\jdk1.8.0_51/classes
Launcher Type: SUN_STANDARD

Environment Variables:
JAVA_HOME=C:\Program Files\Java\jdk1.8.0_51
PATH=C:\Program Files\Haskell\bin;C:\Program Files\Haskell Platform\7.10.2-a\lib\extralibs\bin;C:\Program Files\Haskell Platform\7.10.2-a\bin;C:\ProgramData\Oracle\Java\javapath;C:\windows\system32;C:\windows;C:\windows\System32\Wbem;C:\windows\System32\WindowsPowerShell\v1.0\;C:\Program Files (x86)\Heroku\bin;C:\Program Files (x86)\git\cmd;C:\Program Files (x86)\MiKTeX 2.9\miktex\bin\;C:\WINDOWS\system32;C:\WINDOWS;C:\WINDOWS\System32\Wbem;C:\WINDOWS\System32\WindowsPowerShell\v1.0\;C:\apache-maven-3.3.3\bin;C:\Program Files\Haskell Platform\7.10.2-a\mingw\bin;C:\Program Files (x86)\Skype\Phone\;C:\Users\Sebastien\AppData\Roaming\cabal\bin;C:\Users\Sebastien\AppData\Local\Programs\Python\Python35-32\Scripts\;C:\Users\Sebastien\AppData\Local\Programs\Python\Python35-32\
USERNAME=Sebastien
OS=Windows_NT
PROCESSOR_IDENTIFIER=Intel64 Family 6 Model 76 Stepping 3, GenuineIntel



---------------  S Y S T E M  ---------------

OS: Windows 10.0 , 64 bit Build 10586 (10.0.10586.0)

CPU:total 4 (4 cores per cpu, 1 threads per core) family 6 model 76 stepping 3, cmov, cx8, fxsr, mmx, sse, sse2, sse3, ssse3, sse4.1, sse4.2, popcnt, aes, clmul, erms, 3dnowpref, tsc, tscinvbit

Memory: 4k page, physical 4108512k(793488k free), swap 7825028k(7016k free)

vm_info: Java HotSpot(TM) 64-Bit Server VM (25.51-b03) for windows-amd64 JRE (1.8.0_51-b16), built on Jun  8 2015 18:03:07 by "java_re" with MS VC++ 10.0 (VS2010)

time: Tue Feb 09 12:59:13 2016
elapsed time: 0 seconds (0d 0h 0m 0s)

